INFO 2025-09-13 19:03:05,083 autoreload 1612 19620 Watching for file changes with StatReloader
WARNING 2025-09-13 19:03:09,489 log 1612 7844 Not Found: /
WARNING 2025-09-13 19:03:09,492 basehttp 1612 7844 "GET / HTTP/1.1" 404 3721
WARNING 2025-09-13 19:03:09,673 log 1612 7844 Not Found: /favicon.ico
WARNING 2025-09-13 19:03:09,689 basehttp 1612 7844 "GET /favicon.ico HTTP/1.1" 404 3772
INFO 2025-09-13 19:03:23,869 autoreload 13360 15596 Watching for file changes with StatReloader
INFO 2025-09-13 19:06:17,368 autoreload 8236 19596 Watching for file changes with StatReloader
INFO 2025-09-13 19:08:21,511 autoreload 15980 7700 Watching for file changes with StatReloader
INFO 2025-09-13 19:19:17,572 autoreload 15980 7700 C:\Users\Dashrath\Desktop\Academic\Hackathons\SainyaSecure\backend\military_comm\urls.py changed, reloading.
INFO 2025-09-13 19:19:17,572 autoreload 1612 19620 C:\Users\Dashrath\Desktop\Academic\Hackathons\SainyaSecure\backend\users\models.py changed, reloading.
INFO 2025-09-13 19:19:19,326 autoreload 19308 12120 Watching for file changes with StatReloader
INFO 2025-09-13 20:46:55,899 autoreload 17124 16472 Watching for file changes with StatReloader
INFO 2025-09-13 20:46:59,786 basehttp 17124 18020 "GET / HTTP/1.1" 200 15083
INFO 2025-09-13 20:55:12,894 basehttp 17124 16692 "GET / HTTP/1.1" 200 15083
INFO 2025-09-13 20:55:22,944 basehttp 17124 16692 "GET /dashboard/ HTTP/1.1" 302 0
WARNING 2025-09-13 20:55:23,000 log 17124 16692 Not Found: /accounts/login/
WARNING 2025-09-13 20:55:23,003 basehttp 17124 16692 "GET /accounts/login/?next=/dashboard/ HTTP/1.1" 404 4483
INFO 2025-09-13 20:55:43,018 basehttp 17124 15144 "GET /dashboard/ HTTP/1.1" 302 0
WARNING 2025-09-13 20:55:43,027 log 17124 15144 Not Found: /accounts/login/
WARNING 2025-09-13 20:55:43,028 basehttp 17124 15144 "GET /accounts/login/?next=/dashboard/ HTTP/1.1" 404 4483
INFO 2025-09-13 21:19:18,457 autoreload 19188 18560 Watching for file changes with StatReloader
INFO 2025-09-13 21:19:22,574 basehttp 19188 20656 "GET / HTTP/1.1" 200 26126
INFO 2025-09-13 21:26:00,073 basehttp 19188 20160 "GET / HTTP/1.1" 200 26126
INFO 2025-09-13 21:26:15,589 basehttp 19188 16048 "GET /login/ HTTP/1.1" 200 16840
INFO 2025-09-13 21:26:24,741 basehttp 19188 8612 "GET /dashboard/ HTTP/1.1" 302 0
WARNING 2025-09-13 21:26:24,759 log 19188 8612 Not Found: /accounts/login/
WARNING 2025-09-13 21:26:24,761 basehttp 19188 8612 "GET /accounts/login/?next=/dashboard/ HTTP/1.1" 404 5879
INFO 2025-09-13 21:32:48,939 basehttp 19188 16688 "GET / HTTP/1.1" 200 26126
INFO 2025-09-13 21:38:01,074 autoreload 19188 18560 C:\Users\Dashrath\Desktop\Academic\Hackathons\SainyaSecure\backend\army1\views.py changed, reloading.
INFO 2025-09-13 21:38:02,610 autoreload 20192 15964 Watching for file changes with StatReloader
INFO 2025-09-13 21:38:09,121 autoreload 20192 15964 C:\Users\Dashrath\Desktop\Academic\Hackathons\SainyaSecure\backend\army1\views.py changed, reloading.
INFO 2025-09-13 21:38:10,870 autoreload 18840 15132 Watching for file changes with StatReloader
INFO 2025-09-13 21:38:48,923 autoreload 18840 15132 C:\Users\Dashrath\Desktop\Academic\Hackathons\SainyaSecure\backend\army1\views.py changed, reloading.
INFO 2025-09-13 21:38:50,308 autoreload 17744 17976 Watching for file changes with StatReloader
ERROR 2025-09-13 21:41:49,992 log 17744 15152 Internal Server Error: /
Traceback (most recent call last):
  File "C:\Users\Dashrath\Desktop\Academic\Hackathons\SainyaSecure\.venv\Lib\site-packages\django\template\backends\django.py", line 107, in render
    return self.template.render(context)
           ~~~~~~~~~~~~~~~~~~~~^^^^^^^^^
  File "C:\Users\Dashrath\Desktop\Academic\Hackathons\SainyaSecure\.venv\Lib\site-packages\django\template\base.py", line 171, in render
    return self._render(context)
           ~~~~~~~~~~~~^^^^^^^^^
  File "C:\Users\Dashrath\Desktop\Academic\Hackathons\SainyaSecure\.venv\Lib\site-packages\django\template\base.py", line 163, in _render
    return self.nodelist.render(context)
           ~~~~~~~~~~~~~~~~~~~~^^^^^^^^^
  File "C:\Users\Dashrath\Desktop\Academic\Hackathons\SainyaSecure\.venv\Lib\site-packages\django\template\base.py", line 1016, in render
    return SafeString("".join([node.render_annotated(context) for node in self]))
                               ~~~~~~~~~~~~~~~~~~~~~^^^^^^^^^
  File "C:\Users\Dashrath\Desktop\Academic\Hackathons\SainyaSecure\.venv\Lib\site-packages\django\template\base.py", line 977, in render_annotated
    return self.render(context)
           ~~~~~~~~~~~^^^^^^^^^
  File "C:\Users\Dashrath\Desktop\Academic\Hackathons\SainyaSecure\.venv\Lib\site-packages\django\template\loader_tags.py", line 134, in render
    compiled_parent = self.get_parent(context)
  File "C:\Users\Dashrath\Desktop\Academic\Hackathons\SainyaSecure\.venv\Lib\site-packages\django\template\loader_tags.py", line 131, in get_parent
    return self.find_template(parent, context)
           ~~~~~~~~~~~~~~~~~~^^^^^^^^^^^^^^^^^
  File "C:\Users\Dashrath\Desktop\Academic\Hackathons\SainyaSecure\.venv\Lib\site-packages\django\template\loader_tags.py", line 109, in find_template
    template, origin = context.template.engine.find_template(
                       ~~~~~~~~~~~~~~~~~~~~~~~~~~~~~~~~~~~~~^
        template_name,
        ^^^^^^^^^^^^^^
        skip=history,
        ^^^^^^^^^^^^^
    )
    ^
  File "C:\Users\Dashrath\Desktop\Academic\Hackathons\SainyaSecure\.venv\Lib\site-packages\django\template\engine.py", line 163, in find_template
    raise TemplateDoesNotExist(name, tried=tried)
django.template.exceptions.TemplateDoesNotExist: base_new.html

The above exception was the direct cause of the following exception:

Traceback (most recent call last):
  File "C:\Users\Dashrath\Desktop\Academic\Hackathons\SainyaSecure\.venv\Lib\site-packages\django\core\handlers\exception.py", line 55, in inner
    response = get_response(request)
  File "C:\Users\Dashrath\Desktop\Academic\Hackathons\SainyaSecure\.venv\Lib\site-packages\django\core\handlers\base.py", line 197, in _get_response
    response = wrapped_callback(request, *callback_args, **callback_kwargs)
  File "C:\Users\Dashrath\Desktop\Academic\Hackathons\SainyaSecure\backend\army1\views.py", line 17, in index
    return render(request, 'index_new.html')
  File "C:\Users\Dashrath\Desktop\Academic\Hackathons\SainyaSecure\.venv\Lib\site-packages\django\shortcuts.py", line 25, in render
    content = loader.render_to_string(template_name, context, request, using=using)
  File "C:\Users\Dashrath\Desktop\Academic\Hackathons\SainyaSecure\.venv\Lib\site-packages\django\template\loader.py", line 62, in render_to_string
    return template.render(context, request)
           ~~~~~~~~~~~~~~~^^^^^^^^^^^^^^^^^^
  File "C:\Users\Dashrath\Desktop\Academic\Hackathons\SainyaSecure\.venv\Lib\site-packages\django\template\backends\django.py", line 109, in render
    reraise(exc, self.backend)
    ~~~~~~~^^^^^^^^^^^^^^^^^^^
  File "C:\Users\Dashrath\Desktop\Academic\Hackathons\SainyaSecure\.venv\Lib\site-packages\django\template\backends\django.py", line 130, in reraise
    raise new from exc
django.template.exceptions.TemplateDoesNotExist: base_new.html
ERROR 2025-09-13 21:41:50,009 basehttp 17744 15152 "GET / HTTP/1.1" 500 141037
INFO 2025-09-13 21:46:58,819 autoreload 3580 19936 Watching for file changes with StatReloader
INFO 2025-09-13 21:47:54,332 autoreload 16480 14752 Watching for file changes with StatReloader
ERROR 2025-09-13 21:47:57,139 log 16480 17920 Internal Server Error: /
Traceback (most recent call last):
  File "C:\Users\Dashrath\Desktop\Academic\Hackathons\SainyaSecure\.venv\Lib\site-packages\django\template\backends\django.py", line 107, in render
    return self.template.render(context)
           ~~~~~~~~~~~~~~~~~~~~^^^^^^^^^
  File "C:\Users\Dashrath\Desktop\Academic\Hackathons\SainyaSecure\.venv\Lib\site-packages\django\template\base.py", line 171, in render
    return self._render(context)
           ~~~~~~~~~~~~^^^^^^^^^
  File "C:\Users\Dashrath\Desktop\Academic\Hackathons\SainyaSecure\.venv\Lib\site-packages\django\template\base.py", line 163, in _render
    return self.nodelist.render(context)
           ~~~~~~~~~~~~~~~~~~~~^^^^^^^^^
  File "C:\Users\Dashrath\Desktop\Academic\Hackathons\SainyaSecure\.venv\Lib\site-packages\django\template\base.py", line 1016, in render
    return SafeString("".join([node.render_annotated(context) for node in self]))
                               ~~~~~~~~~~~~~~~~~~~~~^^^^^^^^^
  File "C:\Users\Dashrath\Desktop\Academic\Hackathons\SainyaSecure\.venv\Lib\site-packages\django\template\base.py", line 977, in render_annotated
    return self.render(context)
           ~~~~~~~~~~~^^^^^^^^^
  File "C:\Users\Dashrath\Desktop\Academic\Hackathons\SainyaSecure\.venv\Lib\site-packages\django\template\loader_tags.py", line 134, in render
    compiled_parent = self.get_parent(context)
  File "C:\Users\Dashrath\Desktop\Academic\Hackathons\SainyaSecure\.venv\Lib\site-packages\django\template\loader_tags.py", line 131, in get_parent
    return self.find_template(parent, context)
           ~~~~~~~~~~~~~~~~~~^^^^^^^^^^^^^^^^^
  File "C:\Users\Dashrath\Desktop\Academic\Hackathons\SainyaSecure\.venv\Lib\site-packages\django\template\loader_tags.py", line 109, in find_template
    template, origin = context.template.engine.find_template(
                       ~~~~~~~~~~~~~~~~~~~~~~~~~~~~~~~~~~~~~^
        template_name,
        ^^^^^^^^^^^^^^
        skip=history,
        ^^^^^^^^^^^^^
    )
    ^
  File "C:\Users\Dashrath\Desktop\Academic\Hackathons\SainyaSecure\.venv\Lib\site-packages\django\template\engine.py", line 163, in find_template
    raise TemplateDoesNotExist(name, tried=tried)
django.template.exceptions.TemplateDoesNotExist: base_new.html

The above exception was the direct cause of the following exception:

Traceback (most recent call last):
  File "C:\Users\Dashrath\Desktop\Academic\Hackathons\SainyaSecure\.venv\Lib\site-packages\django\core\handlers\exception.py", line 55, in inner
    response = get_response(request)
  File "C:\Users\Dashrath\Desktop\Academic\Hackathons\SainyaSecure\.venv\Lib\site-packages\django\core\handlers\base.py", line 197, in _get_response
    response = wrapped_callback(request, *callback_args, **callback_kwargs)
  File "C:\Users\Dashrath\Desktop\Academic\Hackathons\SainyaSecure\backend\army1\views.py", line 17, in index
    return render(request, 'index_new.html')
  File "C:\Users\Dashrath\Desktop\Academic\Hackathons\SainyaSecure\.venv\Lib\site-packages\django\shortcuts.py", line 25, in render
    content = loader.render_to_string(template_name, context, request, using=using)
  File "C:\Users\Dashrath\Desktop\Academic\Hackathons\SainyaSecure\.venv\Lib\site-packages\django\template\loader.py", line 62, in render_to_string
    return template.render(context, request)
           ~~~~~~~~~~~~~~~^^^^^^^^^^^^^^^^^^
  File "C:\Users\Dashrath\Desktop\Academic\Hackathons\SainyaSecure\.venv\Lib\site-packages\django\template\backends\django.py", line 109, in render
    reraise(exc, self.backend)
    ~~~~~~~^^^^^^^^^^^^^^^^^^^
  File "C:\Users\Dashrath\Desktop\Academic\Hackathons\SainyaSecure\.venv\Lib\site-packages\django\template\backends\django.py", line 130, in reraise
    raise new from exc
django.template.exceptions.TemplateDoesNotExist: base_new.html
ERROR 2025-09-13 21:47:57,153 basehttp 16480 17920 "GET / HTTP/1.1" 500 140915
INFO 2025-09-13 21:49:08,647 autoreload 16480 14752 C:\Users\Dashrath\Desktop\Academic\Hackathons\SainyaSecure\backend\army1\views.py changed, reloading.
INFO 2025-09-13 21:49:10,015 autoreload 16484 19632 Watching for file changes with StatReloader
INFO 2025-09-13 21:49:26,981 autoreload 16484 19632 C:\Users\Dashrath\Desktop\Academic\Hackathons\SainyaSecure\backend\army1\views.py changed, reloading.
INFO 2025-09-13 21:49:28,582 autoreload 15520 21588 Watching for file changes with StatReloader
INFO 2025-09-13 21:49:41,211 autoreload 15520 21588 C:\Users\Dashrath\Desktop\Academic\Hackathons\SainyaSecure\backend\army1\urls.py changed, reloading.
INFO 2025-09-13 21:49:42,442 autoreload 13488 8432 Watching for file changes with StatReloader
INFO 2025-09-13 21:52:05,948 autoreload 9272 19264 Watching for file changes with StatReloader
INFO 2025-09-13 21:52:09,675 basehttp 9272 9068 "GET / HTTP/1.1" 200 26126
INFO 2025-09-13 21:52:21,884 basehttp 9272 9068 "GET /dashboard/ HTTP/1.1" 302 0
WARNING 2025-09-13 21:52:21,914 log 9272 9068 Not Found: /accounts/login/
WARNING 2025-09-13 21:52:21,918 basehttp 9272 9068 "GET /accounts/login/?next=/dashboard/ HTTP/1.1" 404 5336
INFO 2025-09-13 21:52:30,525 basehttp 9272 9068 "GET /login/ HTTP/1.1" 200 16840
INFO 2025-09-13 21:53:00,018 basehttp 9272 9068 "POST /login/ HTTP/1.1" 200 17570
INFO 2025-09-13 21:53:08,448 basehttp 9272 9068 "GET / HTTP/1.1" 200 26126
INFO 2025-09-13 21:53:12,351 basehttp 9272 9068 "GET /dashboard/ HTTP/1.1" 302 0
WARNING 2025-09-13 21:53:12,382 log 9272 9068 Not Found: /accounts/login/
WARNING 2025-09-13 21:53:12,386 basehttp 9272 9068 "GET /accounts/login/?next=/dashboard/ HTTP/1.1" 404 5336
INFO 2025-09-13 21:58:28,540 autoreload 9272 19264 C:\Users\Dashrath\Desktop\Academic\Hackathons\SainyaSecure\backend\army1\views.py changed, reloading.
INFO 2025-09-13 21:58:29,446 autoreload 2140 20876 Watching for file changes with StatReloader
INFO 2025-09-13 21:58:49,928 autoreload 2140 20876 C:\Users\Dashrath\Desktop\Academic\Hackathons\SainyaSecure\backend\army1\views.py changed, reloading.
INFO 2025-09-13 21:58:50,744 autoreload 20212 18588 Watching for file changes with StatReloader
INFO 2025-09-13 21:59:28,838 autoreload 20212 18588 C:\Users\Dashrath\Desktop\Academic\Hackathons\SainyaSecure\backend\army1\views.py changed, reloading.
INFO 2025-09-13 21:59:29,664 autoreload 15972 8956 Watching for file changes with StatReloader
INFO 2025-09-13 22:00:39,803 basehttp 15972 11048 "GET / HTTP/1.1" 200 26126
INFO 2025-09-13 22:00:56,224 basehttp 15972 11048 "GET /login/ HTTP/1.1" 200 16840
INFO 2025-09-13 22:01:08,143 basehttp 15972 11048 "GET / HTTP/1.1" 200 26126
INFO 2025-09-13 22:01:17,470 basehttp 15972 11048 "GET /login/ HTTP/1.1" 200 16840
INFO 2025-09-13 22:01:59,118 autoreload 15972 8956 C:\Users\Dashrath\Desktop\Academic\Hackathons\SainyaSecure\backend\army1\urls.py changed, reloading.
INFO 2025-09-13 22:02:00,615 autoreload 21364 19888 Watching for file changes with StatReloader
INFO 2025-09-13 22:02:50,630 autoreload 21364 19888 C:\Users\Dashrath\Desktop\Academic\Hackathons\SainyaSecure\backend\army1\views.py changed, reloading.
INFO 2025-09-13 22:02:52,859 autoreload 18644 18620 Watching for file changes with StatReloader
INFO 2025-09-13 23:26:35,451 autoreload 19948 13232 Watching for file changes with StatReloader
INFO 2025-09-13 23:26:40,791 basehttp 19948 22056 "GET / HTTP/1.1" 200 26126
INFO 2025-09-13 23:26:52,143 basehttp 19948 22056 "GET /login/ HTTP/1.1" 200 16840
INFO 2025-09-13 23:26:56,586 basehttp 19948 22056 "GET / HTTP/1.1" 200 26126
INFO 2025-09-13 23:26:57,986 basehttp 19948 22056 "GET /dashboard/ HTTP/1.1" 302 0
WARNING 2025-09-13 23:26:58,029 log 19948 22056 Not Found: /accounts/login/
WARNING 2025-09-13 23:26:58,030 basehttp 19948 22056 "GET /accounts/login/?next=/dashboard/ HTTP/1.1" 404 12367
INFO 2025-09-14 00:47:02,413 autoreload 7960 17128 Watching for file changes with StatReloader
INFO 2025-09-14 00:47:27,039 autoreload 8828 12760 Watching for file changes with StatReloader
INFO 2025-09-14 00:47:35,844 basehttp 7960 14316 "GET / HTTP/1.1" 200 26126
INFO 2025-09-14 00:47:40,328 basehttp 7960 14316 "GET /login/ HTTP/1.1" 200 16840
INFO 2025-09-14 00:47:52,264 basehttp 7960 14316 "GET / HTTP/1.1" 200 26126
INFO 2025-09-14 00:47:57,612 basehttp 7960 18792 "GET /?id=17d27b9e-d5d1-4da4-b2f6-4c25a83d1c4b&vscodeBrowserReqId=1757791077597 HTTP/1.1" 200 26126
INFO 2025-09-14 00:48:04,090 basehttp 7960 18792 "GET /login/?id=17d27b9e-d5d1-4da4-b2f6-4c25a83d1c4b&vscodeBrowserReqId=1757791084084 HTTP/1.1" 200 16840
INFO 2025-09-14 00:51:24,691 basehttp 7960 18792 "GET /login/?id=17d27b9e-d5d1-4da4-b2f6-4c25a83d1c4b&vscodeBrowserReqId=1757791284682 HTTP/1.1" 200 16840
INFO 2025-09-14 00:55:48,841 autoreload 7856 21396 Watching for file changes with StatReloader
INFO 2025-09-14 00:56:16,525 basehttp 7856 21008 "GET /?id=17d27b9e-d5d1-4da4-b2f6-4c25a83d1c4b&vscodeBrowserReqId=1757791576484 HTTP/1.1" 200 26126
INFO 2025-09-14 00:56:21,141 basehttp 7856 21008 "GET /login/?id=17d27b9e-d5d1-4da4-b2f6-4c25a83d1c4b&vscodeBrowserReqId=1757791581133 HTTP/1.1" 200 16840
INFO 2025-09-14 01:10:34,743 autoreload 12988 19564 Watching for file changes with StatReloader
INFO 2025-09-14 01:10:38,747 basehttp 12988 19324 "GET / HTTP/1.1" 200 26126
INFO 2025-09-14 01:10:42,891 basehttp 12988 19324 "GET /login/ HTTP/1.1" 200 16840
INFO 2025-09-14 01:10:53,807 basehttp 12988 19324 "POST /login/ HTTP/1.1" 200 17600
INFO 2025-09-14 01:15:27,505 basehttp 12988 12456 "GET /login/?id=17d27b9e-d5d1-4da4-b2f6-4c25a83d1c4b&vscodeBrowserReqId=1757792727489 HTTP/1.1" 200 16840
INFO 2025-09-14 01:17:13,007 basehttp 12988 18272 "GET /login/ HTTP/1.1" 200 16840
INFO 2025-09-14 01:17:30,040 basehttp 12988 18272 "POST /login/ HTTP/1.1" 200 17600
INFO 2025-09-14 01:21:18,269 basehttp 12988 18272 "GET /login/ HTTP/1.1" 200 20723
WARNING 2025-09-14 01:21:28,531 log 12988 18272 Not Found: /demo
WARNING 2025-09-14 01:21:28,532 basehttp 12988 18272 "GET /demo HTTP/1.1" 404 12317
WARNING 2025-09-14 01:21:33,314 log 12988 18272 Not Found: /demo/
WARNING 2025-09-14 01:21:33,315 basehttp 12988 18272 "GET /demo/ HTTP/1.1" 404 12320
WARNING 2025-09-14 01:21:35,898 log 12988 18272 Not Found: /demo/
WARNING 2025-09-14 01:21:35,899 basehttp 12988 18272 "GET /demo/ HTTP/1.1" 404 12320
INFO 2025-09-14 01:44:11,176 autoreload 20804 16944 Watching for file changes with StatReloader
INFO 2025-09-14 01:44:13,994 basehttp 20804 4076 "GET / HTTP/1.1" 200 26126
INFO 2025-09-14 01:44:18,186 basehttp 20804 4076 "GET /login/ HTTP/1.1" 200 30497
INFO 2025-09-14 01:44:54,982 basehttp 20804 4076 "GET /join/ HTTP/1.1" 302 0
WARNING 2025-09-14 01:44:55,005 log 20804 4076 Not Found: /accounts/login/
WARNING 2025-09-14 01:44:55,006 basehttp 20804 4076 "GET /accounts/login/?next=/join/ HTTP/1.1" 404 12362
INFO 2025-09-14 01:46:11,974 autoreload 20804 16944 C:\Users\Dashrath\Desktop\Academic\Hackathons\SainyaSecure\backend\military_comm\settings.py changed, reloading.
INFO 2025-09-14 01:46:13,755 autoreload 9852 6748 Watching for file changes with StatReloader
INFO 2025-09-14 01:47:45,343 autoreload 17672 14104 Watching for file changes with StatReloader
INFO 2025-09-14 01:47:48,642 basehttp 17672 7548 "GET / HTTP/1.1" 200 26126
INFO 2025-09-14 01:47:53,573 basehttp 17672 7548 "GET /dashboard/ HTTP/1.1" 302 0
INFO 2025-09-14 01:47:53,588 basehttp 17672 7548 "GET /login/?next=/dashboard/ HTTP/1.1" 200 30497
INFO 2025-09-14 01:48:02,551 basehttp 17672 7548 "GET /login/ HTTP/1.1" 200 30497
INFO 2025-09-14 01:48:16,475 basehttp 17672 7548 "GET /join/ HTTP/1.1" 302 0
INFO 2025-09-14 01:48:16,483 basehttp 17672 7548 "GET /login/?next=/join/ HTTP/1.1" 200 30497
INFO 2025-09-14 01:48:58,015 basehttp 17672 7548 "GET /join/ HTTP/1.1" 302 0
INFO 2025-09-14 01:48:58,027 basehttp 17672 7548 "GET /login/?next=/join/ HTTP/1.1" 200 30497
INFO 2025-09-14 01:49:32,037 basehttp 17672 7548 "GET /join/ HTTP/1.1" 302 0
INFO 2025-09-14 01:49:32,053 basehttp 17672 7548 "GET /login/?next=/join/ HTTP/1.1" 200 30497
INFO 2025-09-14 01:49:52,761 basehttp 17672 7548 "GET /join/ HTTP/1.1" 302 0
INFO 2025-09-14 01:49:52,773 basehttp 17672 7548 "GET /login/?next=/join/ HTTP/1.1" 200 30497
INFO 2025-09-14 01:51:24,986 autoreload 17672 14104 C:\Users\Dashrath\Desktop\Academic\Hackathons\SainyaSecure\backend\army1\views.py changed, reloading.
INFO 2025-09-14 01:51:26,449 autoreload 10236 4196 Watching for file changes with StatReloader
INFO 2025-09-14 01:51:33,996 autoreload 10236 4196 C:\Users\Dashrath\Desktop\Academic\Hackathons\SainyaSecure\backend\army1\views.py changed, reloading.
INFO 2025-09-14 01:51:35,450 autoreload 14464 14816 Watching for file changes with StatReloader
INFO 2025-09-14 01:53:56,498 basehttp 14464 4564 "GET / HTTP/1.1" 200 26126
INFO 2025-09-14 01:54:00,491 basehttp 14464 4564 "GET /dashboard/ HTTP/1.1" 302 0
INFO 2025-09-14 01:54:00,503 basehttp 14464 4564 "GET /login/?next=/dashboard/ HTTP/1.1" 200 30497
INFO 2025-09-14 01:54:14,772 basehttp 14464 4564 "GET /join/ HTTP/1.1" 302 0
INFO 2025-09-14 01:54:14,787 basehttp 14464 4564 "GET /login/?next=/join/ HTTP/1.1" 200 30497
INFO 2025-09-14 01:54:20,831 basehttp 14464 4564 "GET /login/?next=/join/ HTTP/1.1" 200 30497
INFO 2025-09-14 01:54:22,223 basehttp 14464 4564 "GET /login/?next=/join/ HTTP/1.1" 200 30497
INFO 2025-09-14 01:54:23,903 basehttp 14464 4564 "GET /login/?next=/join/ HTTP/1.1" 200 30497
INFO 2025-09-14 01:54:24,480 basehttp 14464 4564 "GET /login/?next=/join/ HTTP/1.1" 200 30497
INFO 2025-09-14 01:54:26,565 basehttp 14464 4564 "GET /login/?next=/join/ HTTP/1.1" 200 30497
INFO 2025-09-14 01:54:34,498 basehttp 14464 4564 "GET / HTTP/1.1" 200 26126
INFO 2025-09-14 01:54:37,178 basehttp 14464 4564 "GET /login/ HTTP/1.1" 200 30497
INFO 2025-09-14 01:59:08,572 autoreload 14464 14816 C:\Users\Dashrath\Desktop\Academic\Hackathons\SainyaSecure\backend\army1\views.py changed, reloading.
INFO 2025-09-14 01:59:10,703 autoreload 9924 744 Watching for file changes with StatReloader
INFO 2025-09-14 01:59:37,868 autoreload 9924 744 C:\Users\Dashrath\Desktop\Academic\Hackathons\SainyaSecure\backend\army1\views.py changed, reloading.
INFO 2025-09-14 01:59:40,695 autoreload 16440 17128 Watching for file changes with StatReloader
INFO 2025-09-14 02:00:00,584 basehttp 16440 12264 "GET / HTTP/1.1" 200 26126
INFO 2025-09-14 02:00:06,213 basehttp 16440 12264 "GET /login/ HTTP/1.1" 200 30497
INFO 2025-09-14 02:00:22,775 basehttp 16440 12264 "POST /login/ HTTP/1.1" 302 0
INFO 2025-09-14 02:00:23,069 basehttp 16440 12264 "GET /dashboard/ HTTP/1.1" 200 30535
INFO 2025-09-14 02:00:40,152 basehttp 16440 12264 "GET /join/ HTTP/1.1" 200 24935
INFO 2025-09-14 02:00:56,661 basehttp 16440 12264 "GET /join/ HTTP/1.1" 200 24935
INFO 2025-09-14 02:01:11,543 basehttp 16440 12264 "GET /dashboard/ HTTP/1.1" 200 30535
INFO 2025-09-14 02:01:20,707 basehttp 16440 12264 "GET /logout/ HTTP/1.1" 302 0
INFO 2025-09-14 02:01:20,715 basehttp 16440 12264 "GET / HTTP/1.1" 200 26126
INFO 2025-09-14 02:01:22,663 basehttp 16440 12264 "GET /login/ HTTP/1.1" 200 31429
ERROR 2025-09-14 02:05:10,427 log 16440 12264 Internal Server Error: /
Traceback (most recent call last):
  File "C:\Users\Dashrath\Desktop\Academic\Hackathons\SainyaSecure\.venv\Lib\site-packages\django\template\base.py", line 510, in parse
    compile_func = self.tags[command]
                   ~~~~~~~~~^^^^^^^^^
KeyError: 'endblock'

During handling of the above exception, another exception occurred:

Traceback (most recent call last):
  File "C:\Users\Dashrath\Desktop\Academic\Hackathons\SainyaSecure\.venv\Lib\site-packages\django\core\handlers\exception.py", line 55, in inner
    response = get_response(request)
  File "C:\Users\Dashrath\Desktop\Academic\Hackathons\SainyaSecure\.venv\Lib\site-packages\django\core\handlers\base.py", line 197, in _get_response
    response = wrapped_callback(request, *callback_args, **callback_kwargs)
  File "C:\Users\Dashrath\Desktop\Academic\Hackathons\SainyaSecure\backend\army1\views.py", line 109, in index
    return render(request, 'index.html')
  File "C:\Users\Dashrath\Desktop\Academic\Hackathons\SainyaSecure\.venv\Lib\site-packages\django\shortcuts.py", line 25, in render
    content = loader.render_to_string(template_name, context, request, using=using)
  File "C:\Users\Dashrath\Desktop\Academic\Hackathons\SainyaSecure\.venv\Lib\site-packages\django\template\loader.py", line 61, in render_to_string
    template = get_template(template_name, using=using)
  File "C:\Users\Dashrath\Desktop\Academic\Hackathons\SainyaSecure\.venv\Lib\site-packages\django\template\loader.py", line 15, in get_template
    return engine.get_template(template_name)
           ~~~~~~~~~~~~~~~~~~~^^^^^^^^^^^^^^^
  File "C:\Users\Dashrath\Desktop\Academic\Hackathons\SainyaSecure\.venv\Lib\site-packages\django\template\backends\django.py", line 79, in get_template
    return Template(self.engine.get_template(template_name), self)
                    ~~~~~~~~~~~~~~~~~~~~~~~~^^^^^^^^^^^^^^^
  File "C:\Users\Dashrath\Desktop\Academic\Hackathons\SainyaSecure\.venv\Lib\site-packages\django\template\engine.py", line 177, in get_template
    template, origin = self.find_template(template_name)
                       ~~~~~~~~~~~~~~~~~~^^^^^^^^^^^^^^^
  File "C:\Users\Dashrath\Desktop\Academic\Hackathons\SainyaSecure\.venv\Lib\site-packages\django\template\engine.py", line 159, in find_template
    template = loader.get_template(name, skip=skip)
  File "C:\Users\Dashrath\Desktop\Academic\Hackathons\SainyaSecure\.venv\Lib\site-packages\django\template\loaders\cached.py", line 57, in get_template
    template = super().get_template(template_name, skip)
  File "C:\Users\Dashrath\Desktop\Academic\Hackathons\SainyaSecure\.venv\Lib\site-packages\django\template\loaders\base.py", line 28, in get_template
    return Template(
        contents,
    ...<2 lines>...
        self.engine,
    )
  File "C:\Users\Dashrath\Desktop\Academic\Hackathons\SainyaSecure\.venv\Lib\site-packages\django\template\base.py", line 154, in __init__
    self.nodelist = self.compile_nodelist()
                    ~~~~~~~~~~~~~~~~~~~~~^^
  File "C:\Users\Dashrath\Desktop\Academic\Hackathons\SainyaSecure\.venv\Lib\site-packages\django\template\base.py", line 196, in compile_nodelist
    nodelist = parser.parse()
  File "C:\Users\Dashrath\Desktop\Academic\Hackathons\SainyaSecure\.venv\Lib\site-packages\django\template\base.py", line 518, in parse
    raise self.error(token, e)
  File "C:\Users\Dashrath\Desktop\Academic\Hackathons\SainyaSecure\.venv\Lib\site-packages\django\template\base.py", line 516, in parse
    compiled_result = compile_func(self, token)
  File "C:\Users\Dashrath\Desktop\Academic\Hackathons\SainyaSecure\.venv\Lib\site-packages\django\template\loader_tags.py", line 299, in do_extends
    nodelist = parser.parse()
  File "C:\Users\Dashrath\Desktop\Academic\Hackathons\SainyaSecure\.venv\Lib\site-packages\django\template\base.py", line 512, in parse
    self.invalid_block_tag(token, command, parse_until)
    ~~~~~~~~~~~~~~~~~~~~~~^^^^^^^^^^^^^^^^^^^^^^^^^^^^^
  File "C:\Users\Dashrath\Desktop\Academic\Hackathons\SainyaSecure\.venv\Lib\site-packages\django\template\base.py", line 577, in invalid_block_tag
    raise self.error(
    ...<3 lines>...
    )
django.template.exceptions.TemplateSyntaxError: Invalid block tag on line 584: 'endblock'. Did you forget to register or load this tag?
ERROR 2025-09-14 02:05:10,440 basehttp 16440 12264 "GET / HTTP/1.1" 500 174329
INFO 2025-09-14 02:11:58,572 autoreload 21448 9812 Watching for file changes with StatReloader
INFO 2025-09-14 02:12:01,935 basehttp 21448 17316 "GET / HTTP/1.1" 200 16584
INFO 2025-09-14 02:12:13,651 basehttp 21448 17316 "GET /login/ HTTP/1.1" 200 30497
INFO 2025-09-14 02:12:33,421 basehttp 21448 17316 "POST /login/ HTTP/1.1" 302 0
INFO 2025-09-14 02:12:33,775 basehttp 21448 17316 "GET /dashboard/ HTTP/1.1" 200 30535
INFO 2025-09-14 02:12:44,905 basehttp 21448 17316 "GET /join/ HTTP/1.1" 200 24935
INFO 2025-09-14 02:13:25,364 basehttp 21448 17316 "GET /join/? HTTP/1.1" 200 24935
INFO 2025-09-14 02:14:45,578 basehttp 21448 17316 "GET /login/ HTTP/1.1" 302 0
INFO 2025-09-14 02:14:45,596 basehttp 21448 17316 "GET /dashboard/operations/ HTTP/1.1" 200 30535
INFO 2025-09-14 02:14:46,865 basehttp 21448 17316 "GET / HTTP/1.1" 302 0
INFO 2025-09-14 02:14:59,438 basehttp 21448 17316 "GET / HTTP/1.1" 302 0
INFO 2025-09-14 02:14:59,464 basehttp 21448 17316 "GET /dashboard/operations/ HTTP/1.1" 200 30535
INFO 2025-09-14 02:15:05,605 basehttp 21448 17316 "GET / HTTP/1.1" 302 0
INFO 2025-09-14 02:15:05,623 basehttp 21448 17316 "GET /dashboard/operations/ HTTP/1.1" 200 30535
INFO 2025-09-14 02:15:07,765 basehttp 21448 17316 "GET /dashboard/operations/ HTTP/1.1" 200 30535
INFO 2025-09-14 02:15:14,673 basehttp 21448 17316 "GET /logout/ HTTP/1.1" 302 0
INFO 2025-09-14 02:15:14,679 basehttp 21448 17316 "GET / HTTP/1.1" 200 16584
INFO 2025-09-14 02:15:22,071 basehttp 21448 17316 "GET /join/ HTTP/1.1" 302 0
INFO 2025-09-14 02:15:22,087 basehttp 21448 17316 "GET /login/?next=/join/ HTTP/1.1" 200 31840
INFO 2025-09-14 02:17:06,803 basehttp 21448 17316 "GET /login/ HTTP/1.1" 200 30497
INFO 2025-09-14 02:17:32,423 basehttp 21448 17316 "POST /login/ HTTP/1.1" 302 0
INFO 2025-09-14 02:17:32,720 basehttp 21448 17316 "GET /dashboard/ HTTP/1.1" 200 30535
INFO 2025-09-14 02:18:58,785 basehttp 21448 17316 "GET /join/ HTTP/1.1" 200 24935
INFO 2025-09-14 02:19:10,100 basehttp 21448 17316 "GET /login/ HTTP/1.1" 302 0
INFO 2025-09-14 02:19:10,120 basehttp 21448 17316 "GET /dashboard/operations/ HTTP/1.1" 200 30535
INFO 2025-09-14 02:19:13,118 basehttp 21448 17316 "GET /logout/ HTTP/1.1" 302 0
INFO 2025-09-14 02:19:13,127 basehttp 21448 17316 "GET / HTTP/1.1" 200 16584
INFO 2025-09-14 02:22:43,197 basehttp 21448 17564 "GET /?id=17d27b9e-d5d1-4da4-b2f6-4c25a83d1c4b&vscodeBrowserReqId=1757796763188 HTTP/1.1" 200 16584
INFO 2025-09-14 02:27:15,600 autoreload 21448 9812 C:\Users\Dashrath\Desktop\Academic\Hackathons\SainyaSecure\backend\army1\views.py changed, reloading.
INFO 2025-09-14 02:27:16,852 autoreload 8016 3448 Watching for file changes with StatReloader
INFO 2025-09-14 02:28:48,114 autoreload 8016 3448 C:\Users\Dashrath\Desktop\Academic\Hackathons\SainyaSecure\backend\army1\views.py changed, reloading.
INFO 2025-09-14 02:28:49,109 autoreload 21196 4640 Watching for file changes with StatReloader
INFO 2025-09-14 02:30:45,760 autoreload 21196 4640 C:\Users\Dashrath\Desktop\Academic\Hackathons\SainyaSecure\backend\army1\views.py changed, reloading.
INFO 2025-09-14 02:30:46,739 autoreload 8828 12356 Watching for file changes with StatReloader
INFO 2025-09-14 02:35:26,033 basehttp 8828 14248 "GET /?id=17d27b9e-d5d1-4da4-b2f6-4c25a83d1c4b&vscodeBrowserReqId=1757797525963 HTTP/1.1" 200 16584
INFO 2025-09-14 02:35:33,002 basehttp 8828 14248 "GET /modules/personnel/?id=17d27b9e-d5d1-4da4-b2f6-4c25a83d1c4b&vscodeBrowserReqId=1757797532990 HTTP/1.1" 302 0
INFO 2025-09-14 02:35:33,009 basehttp 8828 14248 "GET /login/?next=/modules/personnel/%3Fid%3D17d27b9e-d5d1-4da4-b2f6-4c25a83d1c4b%26vscodeBrowserReqId%3D1757797532990 HTTP/1.1" 200 30497
INFO 2025-09-14 02:35:37,181 basehttp 8828 14248 "GET /modules/messaging/?id=17d27b9e-d5d1-4da4-b2f6-4c25a83d1c4b&vscodeBrowserReqId=1757797537175 HTTP/1.1" 302 0
INFO 2025-09-14 02:35:37,187 basehttp 8828 14248 "GET /login/?next=/modules/messaging/%3Fid%3D17d27b9e-d5d1-4da4-b2f6-4c25a83d1c4b%26vscodeBrowserReqId%3D1757797537175 HTTP/1.1" 200 30497
INFO 2025-09-14 02:36:25,123 autoreload 8828 12356 C:\Users\Dashrath\Desktop\Academic\Hackathons\SainyaSecure\backend\army1\views.py changed, reloading.
INFO 2025-09-14 02:36:26,068 autoreload 3580 17572 Watching for file changes with StatReloader
INFO 2025-09-14 02:38:03,449 basehttp 3580 21624 "GET /modules/missions/?id=17d27b9e-d5d1-4da4-b2f6-4c25a83d1c4b&vscodeBrowserReqId=1757797683404 HTTP/1.1" 302 0
INFO 2025-09-14 02:38:03,461 basehttp 3580 21624 "GET /login/?next=/modules/missions/%3Fid%3D17d27b9e-d5d1-4da4-b2f6-4c25a83d1c4b%26vscodeBrowserReqId%3D1757797683404 HTTP/1.1" 200 30497
INFO 2025-09-14 02:38:39,419 autoreload 3580 17572 C:\Users\Dashrath\Desktop\Academic\Hackathons\SainyaSecure\backend\army1\views.py changed, reloading.
INFO 2025-09-14 02:38:40,332 autoreload 14632 14432 Watching for file changes with StatReloader
INFO 2025-09-14 02:44:24,449 basehttp 14632 21600 "GET /modules/security/?id=17d27b9e-d5d1-4da4-b2f6-4c25a83d1c4b&vscodeBrowserReqId=1757798064389 HTTP/1.1" 302 0
INFO 2025-09-14 02:44:24,460 basehttp 14632 21600 "GET /login/?next=/modules/security/%3Fid%3D17d27b9e-d5d1-4da4-b2f6-4c25a83d1c4b%26vscodeBrowserReqId%3D1757798064389 HTTP/1.1" 200 30497
INFO 2025-09-14 02:44:49,202 basehttp 14632 21600 "GET /modules/devices/?id=17d27b9e-d5d1-4da4-b2f6-4c25a83d1c4b&vscodeBrowserReqId=1757798089192 HTTP/1.1" 302 0
INFO 2025-09-14 02:44:49,208 basehttp 14632 21600 "GET /login/?next=/modules/devices/%3Fid%3D17d27b9e-d5d1-4da4-b2f6-4c25a83d1c4b%26vscodeBrowserReqId%3D1757798089192 HTTP/1.1" 200 30497
INFO 2025-09-14 02:44:56,280 basehttp 14632 21600 "GET /modules/logs/?id=17d27b9e-d5d1-4da4-b2f6-4c25a83d1c4b&vscodeBrowserReqId=1757798096270 HTTP/1.1" 302 0
INFO 2025-09-14 02:44:56,284 basehttp 14632 21600 "GET /login/?next=/modules/logs/%3Fid%3D17d27b9e-d5d1-4da4-b2f6-4c25a83d1c4b%26vscodeBrowserReqId%3D1757798096270 HTTP/1.1" 200 30497
INFO 2025-09-14 02:45:04,920 basehttp 14632 21600 "GET /modules/intel/?id=17d27b9e-d5d1-4da4-b2f6-4c25a83d1c4b&vscodeBrowserReqId=1757798104909 HTTP/1.1" 302 0
INFO 2025-09-14 02:45:04,924 basehttp 14632 21600 "GET /login/?next=/modules/intel/%3Fid%3D17d27b9e-d5d1-4da4-b2f6-4c25a83d1c4b%26vscodeBrowserReqId%3D1757798104909 HTTP/1.1" 200 30497
INFO 2025-09-14 02:45:10,590 basehttp 14632 21600 "GET /modules/reports/?id=17d27b9e-d5d1-4da4-b2f6-4c25a83d1c4b&vscodeBrowserReqId=1757798110555 HTTP/1.1" 302 0
INFO 2025-09-14 02:45:10,633 basehttp 14632 21600 "GET /login/?next=/modules/reports/%3Fid%3D17d27b9e-d5d1-4da4-b2f6-4c25a83d1c4b%26vscodeBrowserReqId%3D1757798110555 HTTP/1.1" 200 30497
INFO 2025-09-14 02:45:15,530 basehttp 14632 21600 "GET /modules/p2p/?id=17d27b9e-d5d1-4da4-b2f6-4c25a83d1c4b&vscodeBrowserReqId=1757798115523 HTTP/1.1" 302 0
INFO 2025-09-14 02:45:15,536 basehttp 14632 21600 "GET /login/?next=/modules/p2p/%3Fid%3D17d27b9e-d5d1-4da4-b2f6-4c25a83d1c4b%26vscodeBrowserReqId%3D1757798115523 HTTP/1.1" 200 30497
INFO 2025-09-14 02:45:20,114 basehttp 14632 21600 "GET /modules/personnel/?id=17d27b9e-d5d1-4da4-b2f6-4c25a83d1c4b&vscodeBrowserReqId=1757798120109 HTTP/1.1" 302 0
INFO 2025-09-14 02:45:20,118 basehttp 14632 21600 "GET /login/?next=/modules/personnel/%3Fid%3D17d27b9e-d5d1-4da4-b2f6-4c25a83d1c4b%26vscodeBrowserReqId%3D1757798120109 HTTP/1.1" 200 30497
INFO 2025-09-14 03:07:16,521 autoreload 12760 22496 Watching for file changes with StatReloader
INFO 2025-09-14 03:07:28,960 basehttp 12760 17872 "GET / HTTP/1.1" 200 16584
INFO 2025-09-14 03:07:35,241 basehttp 12760 17872 "GET /login/ HTTP/1.1" 200 31840
INFO 2025-09-14 03:07:46,748 basehttp 12760 18880 "GET /?id=17d27b9e-d5d1-4da4-b2f6-4c25a83d1c4b&vscodeBrowserReqId=1757799466731 HTTP/1.1" 200 16584
INFO 2025-09-14 03:07:55,114 basehttp 12760 17872 "POST /login/ HTTP/1.1" 302 0
INFO 2025-09-14 03:07:55,145 basehttp 12760 17872 "GET /dashboard/ HTTP/1.1" 200 30535
INFO 2025-09-14 03:08:11,950 basehttp 12760 17872 "GET /logout/ HTTP/1.1" 302 0
INFO 2025-09-14 03:08:11,955 basehttp 12760 17872 "GET / HTTP/1.1" 200 16584
INFO 2025-09-14 03:08:14,851 basehttp 12760 17872 "GET /join/ HTTP/1.1" 302 0
INFO 2025-09-14 03:08:14,864 basehttp 12760 17872 "GET /login/?next=/join/ HTTP/1.1" 200 31429
INFO 2025-09-14 03:09:07,905 basehttp 12760 2092 "POST /login/?next=/join/ HTTP/1.1" 302 0
INFO 2025-09-14 03:09:08,066 basehttp 12760 2092 "GET /dashboard/ HTTP/1.1" 200 30550
INFO 2025-09-14 03:15:19,436 autoreload 16476 18540 Watching for file changes with StatReloader
INFO 2025-09-14 03:15:23,383 basehttp 16476 21996 "GET / HTTP/1.1" 302 0
INFO 2025-09-14 03:15:23,409 basehttp 16476 21996 "GET /dashboard/communications/ HTTP/1.1" 200 30550
INFO 2025-09-14 03:15:30,610 basehttp 16476 21996 "GET /logout/ HTTP/1.1" 302 0
INFO 2025-09-14 03:15:30,616 basehttp 16476 21996 "GET / HTTP/1.1" 200 16584
INFO 2025-09-14 03:15:43,351 basehttp 16476 21996 "GET /join/ HTTP/1.1" 302 0
INFO 2025-09-14 03:15:43,359 basehttp 16476 21996 "GET /login/?next=/join/ HTTP/1.1" 200 31427
INFO 2025-09-14 03:17:20,074 basehttp 16476 21996 "GET /login/ HTTP/1.1" 200 30497
INFO 2025-09-14 03:19:23,816 basehttp 16476 21996 "POST /login/ HTTP/1.1" 302 0
INFO 2025-09-14 03:19:23,836 basehttp 16476 21996 "GET /dashboard/ HTTP/1.1" 200 30531
INFO 2025-09-14 03:23:10,389 autoreload 16476 18540 C:\Users\Dashrath\Desktop\Academic\Hackathons\SainyaSecure\backend\military_comm\settings.py changed, reloading.
INFO 2025-09-14 03:23:11,401 autoreload 17492 18176 Watching for file changes with StatReloader
